2024-07-04 16:00:55.896 [info]: Engine run out. 
2024-07-04 16:00:55.898 [info]: Simx System Shutdown. 
2024-07-04 16:00:59.572 [info]: Simx System Starting... 
2024-07-04 16:00:59.572 [info]: Engine Starting... 
2024-07-04 16:00:59.573 [info]: Check Workspace... 
2024-07-04 16:00:59.592 [info]: Check Workspace Done. 
2024-07-04 16:00:59.592 [info]: System Database checking... 
2024-07-04 16:00:59.607 [info]: System database checked successfully. 
2024-07-04 16:00:59.607 [info]: Skip init script running. 
2024-07-04 16:00:59.607 [info]: Default flow running... 
2024-07-04 16:00:59.705 [info]: flow { demo-flow } will be exec. 
2024-07-04 16:00:59.705 [debug]: [ Node Exec Start ] 
2024-07-04 16:00:59.705 [debug]: Node Input -> handler: simx.files.plain.reader, data: Data { data: {} }, args: {"node_index": "1", "path": "auth/private.key"} 
2024-07-04 16:00:59.705 [debug]: Expression { expression_str: "test{a1}", expression_type: STR, expression_result: {} } 
2024-07-04 16:00:59.705 [debug]: Expression { expression_str: "test{a1}", expression_type: STR, expression_result: {} } 
2024-07-04 16:00:59.705 [debug]: Node Output -> data: Data { data: {"text": "LrH@uWkD.XugFipbBrJGsvdvhVA.pRt7WWum4n6JhrHMVeoDajQytuLK_krf@3639dxd7pE_WHm6jj*rVXEcAxtJr3ZB4ayerypw@cH@AbV!ogoy@xahg2dqU6*QLQ@BUeRDo9sw!QiNMjqdkBvJ!cCuJbiw@tF-4oV9T-MVweoC-xKXt!Qn!fvbKeDfkdz_V84A9aoy"} } 
2024-07-04 16:00:59.705 [debug]: [ Node Exec End ] 
2024-07-04 16:00:59.705 [debug]: [ Node Exec Start ] 
2024-07-04 16:00:59.705 [debug]: Node Input -> handler: simx.os.shell.println, data: Data { data: {"text": "LrH@uWkD.XugFipbBrJGsvdvhVA.pRt7WWum4n6JhrHMVeoDajQytuLK_krf@3639dxd7pE_WHm6jj*rVXEcAxtJr3ZB4ayerypw@cH@AbV!ogoy@xahg2dqU6*QLQ@BUeRDo9sw!QiNMjqdkBvJ!cCuJbiw@tF-4oV9T-MVweoC-xKXt!Qn!fvbKeDfkdz_V84A9aoy"} }, args: {"text": "hello world", "node_index": "2"} 
2024-07-04 16:00:59.705 [debug]: Expression { expression_str: "test{a1}", expression_type: STR, expression_result: {} } 
2024-07-04 16:00:59.705 [debug]: Expression { expression_str: "test{a1}", expression_type: STR, expression_result: {} } 
2024-07-04 16:00:59.705 [debug]: Node Output -> data: Data { data: {"text": "LrH@uWkD.XugFipbBrJGsvdvhVA.pRt7WWum4n6JhrHMVeoDajQytuLK_krf@3639dxd7pE_WHm6jj*rVXEcAxtJr3ZB4ayerypw@cH@AbV!ogoy@xahg2dqU6*QLQ@BUeRDo9sw!QiNMjqdkBvJ!cCuJbiw@tF-4oV9T-MVweoC-xKXt!Qn!fvbKeDfkdz_V84A9aoy"} } 
2024-07-04 16:00:59.705 [debug]: [ Node Exec End ] 
2024-07-04 16:00:59.706 [debug]: [ Node Exec Start ] 
2024-07-04 16:00:59.706 [debug]: Node Input -> handler: simx.basic.debug.node, data: Data { data: {"text": "LrH@uWkD.XugFipbBrJGsvdvhVA.pRt7WWum4n6JhrHMVeoDajQytuLK_krf@3639dxd7pE_WHm6jj*rVXEcAxtJr3ZB4ayerypw@cH@AbV!ogoy@xahg2dqU6*QLQ@BUeRDo9sw!QiNMjqdkBvJ!cCuJbiw@tF-4oV9T-MVweoC-xKXt!Qn!fvbKeDfkdz_V84A9aoy"} }, args: {"node_index": "3"} 
2024-07-04 16:00:59.706 [debug]: Expression { expression_str: "test{a1}", expression_type: STR, expression_result: {} } 
2024-07-04 16:00:59.706 [debug]: Expression { expression_str: "test{a1}", expression_type: STR, expression_result: {} } 
2024-07-04 16:00:59.706 [debug]: Node: handler = "simx.basic.debug.node"

[attr]
node_index = "3"
 
2024-07-04 16:00:59.706 [debug]: Data: [data]
text = "LrH@uWkD.XugFipbBrJGsvdvhVA.pRt7WWum4n6JhrHMVeoDajQytuLK_krf@3639dxd7pE_WHm6jj*rVXEcAxtJr3ZB4ayerypw@cH@AbV!ogoy@xahg2dqU6*QLQ@BUeRDo9sw!QiNMjqdkBvJ!cCuJbiw@tF-4oV9T-MVweoC-xKXt!Qn!fvbKeDfkdz_V84A9aoy"
 
2024-07-04 16:00:59.706 [debug]: Node Output -> data: Data { data: {"text": "LrH@uWkD.XugFipbBrJGsvdvhVA.pRt7WWum4n6JhrHMVeoDajQytuLK_krf@3639dxd7pE_WHm6jj*rVXEcAxtJr3ZB4ayerypw@cH@AbV!ogoy@xahg2dqU6*QLQ@BUeRDo9sw!QiNMjqdkBvJ!cCuJbiw@tF-4oV9T-MVweoC-xKXt!Qn!fvbKeDfkdz_V84A9aoy"} } 
2024-07-04 16:00:59.706 [debug]: [ Node Exec End ] 
2024-07-04 16:00:59.706 [debug]: [ Node Exec Start ] 
2024-07-04 16:00:59.706 [debug]: Node Input -> handler: simx.net.http.request_get, data: Data { data: {"text": "LrH@uWkD.XugFipbBrJGsvdvhVA.pRt7WWum4n6JhrHMVeoDajQytuLK_krf@3639dxd7pE_WHm6jj*rVXEcAxtJr3ZB4ayerypw@cH@AbV!ogoy@xahg2dqU6*QLQ@BUeRDo9sw!QiNMjqdkBvJ!cCuJbiw@tF-4oV9T-MVweoC-xKXt!Qn!fvbKeDfkdz_V84A9aoy"} }, args: {"node_index": "4", "attr": "{\"aaa\":\"bbb\"}"} 
2024-07-04 16:00:59.706 [debug]: Expression { expression_str: "test{a1}", expression_type: STR, expression_result: {} } 
2024-07-04 16:00:59.706 [debug]: Expression { expression_str: "test{a1}", expression_type: STR, expression_result: {} } 
2024-07-04 16:00:59.706 [debug]: Node Output -> data: Data { data: {"text": "LrH@uWkD.XugFipbBrJGsvdvhVA.pRt7WWum4n6JhrHMVeoDajQytuLK_krf@3639dxd7pE_WHm6jj*rVXEcAxtJr3ZB4ayerypw@cH@AbV!ogoy@xahg2dqU6*QLQ@BUeRDo9sw!QiNMjqdkBvJ!cCuJbiw@tF-4oV9T-MVweoC-xKXt!Qn!fvbKeDfkdz_V84A9aoy"} } 
2024-07-04 16:00:59.706 [debug]: [ Node Exec End ] 
2024-07-04 16:00:59.706 [debug]: [ Node Exec Start ] 
2024-07-04 16:00:59.706 [debug]: Node Input -> handler: simx.files.json.writer, data: Data { data: {"text": "LrH@uWkD.XugFipbBrJGsvdvhVA.pRt7WWum4n6JhrHMVeoDajQytuLK_krf@3639dxd7pE_WHm6jj*rVXEcAxtJr3ZB4ayerypw@cH@AbV!ogoy@xahg2dqU6*QLQ@BUeRDo9sw!QiNMjqdkBvJ!cCuJbiw@tF-4oV9T-MVweoC-xKXt!Qn!fvbKeDfkdz_V84A9aoy"} }, args: {"node_index": "5", "path": "example/simx.txt", "type": "default"} 
2024-07-04 16:00:59.706 [debug]: Expression { expression_str: "test{a1}", expression_type: STR, expression_result: {} } 
2024-07-04 16:00:59.706 [debug]: Expression { expression_str: "test{a1}", expression_type: STR, expression_result: {} } 
2024-07-04 16:00:59.706 [debug]: Node Output -> data: Data { data: {"text": "LrH@uWkD.XugFipbBrJGsvdvhVA.pRt7WWum4n6JhrHMVeoDajQytuLK_krf@3639dxd7pE_WHm6jj*rVXEcAxtJr3ZB4ayerypw@cH@AbV!ogoy@xahg2dqU6*QLQ@BUeRDo9sw!QiNMjqdkBvJ!cCuJbiw@tF-4oV9T-MVweoC-xKXt!Qn!fvbKeDfkdz_V84A9aoy"} } 
2024-07-04 16:00:59.706 [debug]: [ Node Exec End ] 
2024-07-04 16:00:59.706 [info]: flow { demo-flow } has be exec success. 
2024-07-04 16:00:59.707 [info]: Run init flow done. 
2024-07-04 16:00:59.707 [info]: Engine has started. 
2024-07-04 16:00:59.707 [info]: Engine Net Services Starting... 
2024-07-04 16:01:01.763 [info]: Exec script b.sh start by http. 
2024-07-04 16:01:01.763 [info]: Find Shell in path -> "script/os/macos/b.sh" 
2024-07-04 16:01:01.764 [warn]: Run sh script on mac! 
2024-07-04 16:01:01.779 [info]: eyresimpson 
2024-07-04 16:01:01.779 [info]: Exec script b.sh success. 
2024-07-04 16:02:57.100 [info]: Engine run out. 
2024-07-04 16:02:57.101 [info]: Simx System Shutdown. 
2024-07-04 16:03:00.389 [info]: Simx System Starting... 
2024-07-04 16:03:00.390 [info]: Engine Starting... 
2024-07-04 16:03:00.390 [info]: Check Workspace... 
2024-07-04 16:03:00.403 [info]: Check Workspace Done. 
2024-07-04 16:03:00.404 [info]: System Database checking... 
2024-07-04 16:03:00.418 [info]: System database checked successfully. 
2024-07-04 16:03:00.418 [info]: Skip init script running. 
2024-07-04 16:03:00.418 [info]: Default flow running... 
2024-07-04 16:03:00.551 [info]: flow { demo-flow } will be exec. 
2024-07-04 16:03:00.551 [debug]: [ Node Exec Start ] 
2024-07-04 16:03:00.551 [debug]: Node Input -> handler: simx.files.plain.reader, data: Data { data: {} }, args: {"path": "auth/private.key", "node_index": "1"} 
2024-07-04 16:03:00.551 [debug]: Expression { expression_str: "test{a1}", expression_type: STR, expression_result: {} } 
2024-07-04 16:03:00.551 [debug]: Expression { expression_str: "test{a1}", expression_type: STR, expression_result: {} } 
2024-07-04 16:03:00.551 [debug]: Node Output -> data: Data { data: {"text": "LrH@uWkD.XugFipbBrJGsvdvhVA.pRt7WWum4n6JhrHMVeoDajQytuLK_krf@3639dxd7pE_WHm6jj*rVXEcAxtJr3ZB4ayerypw@cH@AbV!ogoy@xahg2dqU6*QLQ@BUeRDo9sw!QiNMjqdkBvJ!cCuJbiw@tF-4oV9T-MVweoC-xKXt!Qn!fvbKeDfkdz_V84A9aoy"} } 
2024-07-04 16:03:00.551 [debug]: [ Node Exec End ] 
2024-07-04 16:03:00.551 [debug]: [ Node Exec Start ] 
2024-07-04 16:03:00.551 [debug]: Node Input -> handler: simx.os.shell.println, data: Data { data: {"text": "LrH@uWkD.XugFipbBrJGsvdvhVA.pRt7WWum4n6JhrHMVeoDajQytuLK_krf@3639dxd7pE_WHm6jj*rVXEcAxtJr3ZB4ayerypw@cH@AbV!ogoy@xahg2dqU6*QLQ@BUeRDo9sw!QiNMjqdkBvJ!cCuJbiw@tF-4oV9T-MVweoC-xKXt!Qn!fvbKeDfkdz_V84A9aoy"} }, args: {"text": "hello world", "node_index": "2"} 
2024-07-04 16:03:00.551 [debug]: Expression { expression_str: "test{a1}", expression_type: STR, expression_result: {} } 
2024-07-04 16:03:00.552 [debug]: Expression { expression_str: "test{a1}", expression_type: STR, expression_result: {} } 
2024-07-04 16:03:00.552 [debug]: Node Output -> data: Data { data: {"text": "LrH@uWkD.XugFipbBrJGsvdvhVA.pRt7WWum4n6JhrHMVeoDajQytuLK_krf@3639dxd7pE_WHm6jj*rVXEcAxtJr3ZB4ayerypw@cH@AbV!ogoy@xahg2dqU6*QLQ@BUeRDo9sw!QiNMjqdkBvJ!cCuJbiw@tF-4oV9T-MVweoC-xKXt!Qn!fvbKeDfkdz_V84A9aoy"} } 
2024-07-04 16:03:00.552 [debug]: [ Node Exec End ] 
2024-07-04 16:03:00.552 [debug]: [ Node Exec Start ] 
2024-07-04 16:03:00.552 [debug]: Node Input -> handler: simx.basic.debug.node, data: Data { data: {"text": "LrH@uWkD.XugFipbBrJGsvdvhVA.pRt7WWum4n6JhrHMVeoDajQytuLK_krf@3639dxd7pE_WHm6jj*rVXEcAxtJr3ZB4ayerypw@cH@AbV!ogoy@xahg2dqU6*QLQ@BUeRDo9sw!QiNMjqdkBvJ!cCuJbiw@tF-4oV9T-MVweoC-xKXt!Qn!fvbKeDfkdz_V84A9aoy"} }, args: {"node_index": "3"} 
2024-07-04 16:03:00.552 [debug]: Expression { expression_str: "test{a1}", expression_type: STR, expression_result: {} } 
2024-07-04 16:03:00.552 [debug]: Expression { expression_str: "test{a1}", expression_type: STR, expression_result: {} } 
2024-07-04 16:03:00.552 [debug]: Node: handler = "simx.basic.debug.node"

[attr]
node_index = "3"
 
2024-07-04 16:03:00.552 [debug]: Data: [data]
text = "LrH@uWkD.XugFipbBrJGsvdvhVA.pRt7WWum4n6JhrHMVeoDajQytuLK_krf@3639dxd7pE_WHm6jj*rVXEcAxtJr3ZB4ayerypw@cH@AbV!ogoy@xahg2dqU6*QLQ@BUeRDo9sw!QiNMjqdkBvJ!cCuJbiw@tF-4oV9T-MVweoC-xKXt!Qn!fvbKeDfkdz_V84A9aoy"
 
2024-07-04 16:03:00.552 [debug]: Node Output -> data: Data { data: {"text": "LrH@uWkD.XugFipbBrJGsvdvhVA.pRt7WWum4n6JhrHMVeoDajQytuLK_krf@3639dxd7pE_WHm6jj*rVXEcAxtJr3ZB4ayerypw@cH@AbV!ogoy@xahg2dqU6*QLQ@BUeRDo9sw!QiNMjqdkBvJ!cCuJbiw@tF-4oV9T-MVweoC-xKXt!Qn!fvbKeDfkdz_V84A9aoy"} } 
2024-07-04 16:03:00.552 [debug]: [ Node Exec End ] 
2024-07-04 16:03:00.552 [debug]: [ Node Exec Start ] 
2024-07-04 16:03:00.552 [debug]: Node Input -> handler: simx.net.http.request_get, data: Data { data: {"text": "LrH@uWkD.XugFipbBrJGsvdvhVA.pRt7WWum4n6JhrHMVeoDajQytuLK_krf@3639dxd7pE_WHm6jj*rVXEcAxtJr3ZB4ayerypw@cH@AbV!ogoy@xahg2dqU6*QLQ@BUeRDo9sw!QiNMjqdkBvJ!cCuJbiw@tF-4oV9T-MVweoC-xKXt!Qn!fvbKeDfkdz_V84A9aoy"} }, args: {"attr": "{\"aaa\":\"bbb\"}", "node_index": "4"} 
2024-07-04 16:03:00.552 [debug]: Expression { expression_str: "test{a1}", expression_type: STR, expression_result: {} } 
2024-07-04 16:03:00.552 [debug]: Expression { expression_str: "test{a1}", expression_type: STR, expression_result: {} } 
2024-07-04 16:03:00.553 [debug]: Node Output -> data: Data { data: {"text": "LrH@uWkD.XugFipbBrJGsvdvhVA.pRt7WWum4n6JhrHMVeoDajQytuLK_krf@3639dxd7pE_WHm6jj*rVXEcAxtJr3ZB4ayerypw@cH@AbV!ogoy@xahg2dqU6*QLQ@BUeRDo9sw!QiNMjqdkBvJ!cCuJbiw@tF-4oV9T-MVweoC-xKXt!Qn!fvbKeDfkdz_V84A9aoy"} } 
2024-07-04 16:03:00.553 [debug]: [ Node Exec End ] 
2024-07-04 16:03:00.553 [debug]: [ Node Exec Start ] 
2024-07-04 16:03:00.553 [debug]: Node Input -> handler: simx.files.json.writer, data: Data { data: {"text": "LrH@uWkD.XugFipbBrJGsvdvhVA.pRt7WWum4n6JhrHMVeoDajQytuLK_krf@3639dxd7pE_WHm6jj*rVXEcAxtJr3ZB4ayerypw@cH@AbV!ogoy@xahg2dqU6*QLQ@BUeRDo9sw!QiNMjqdkBvJ!cCuJbiw@tF-4oV9T-MVweoC-xKXt!Qn!fvbKeDfkdz_V84A9aoy"} }, args: {"path": "example/simx.txt", "type": "default", "node_index": "5"} 
2024-07-04 16:03:00.553 [debug]: Expression { expression_str: "test{a1}", expression_type: STR, expression_result: {} } 
2024-07-04 16:03:00.553 [debug]: Expression { expression_str: "test{a1}", expression_type: STR, expression_result: {} } 
2024-07-04 16:03:00.553 [debug]: Node Output -> data: Data { data: {"text": "LrH@uWkD.XugFipbBrJGsvdvhVA.pRt7WWum4n6JhrHMVeoDajQytuLK_krf@3639dxd7pE_WHm6jj*rVXEcAxtJr3ZB4ayerypw@cH@AbV!ogoy@xahg2dqU6*QLQ@BUeRDo9sw!QiNMjqdkBvJ!cCuJbiw@tF-4oV9T-MVweoC-xKXt!Qn!fvbKeDfkdz_V84A9aoy"} } 
2024-07-04 16:03:00.553 [debug]: [ Node Exec End ] 
2024-07-04 16:03:00.553 [info]: flow { demo-flow } has be exec success. 
2024-07-04 16:03:00.553 [info]: Run init flow done. 
2024-07-04 16:03:00.553 [info]: Engine has started. 
2024-07-04 16:03:00.554 [info]: Engine Net Services Starting... 
2024-07-04 16:03:04.244 [info]: Exec script b.sh start by http. 
2024-07-04 16:03:04.246 [info]: Find Shell in path -> "script/os/macos/b.sh" 
2024-07-04 16:03:04.246 [warn]: Run sh script on mac! 
2024-07-04 16:03:04.263 [info]: eyresimpson 
2024-07-04 16:03:04.263 [info]: Exec script b.sh success. 
2024-07-04 16:03:13.865 [info]: Exec flow ant.flow start by http. 
2024-07-04 16:03:13.865 [fail]: Cannot resolver flow file, please check your flow file. 
2024-07-04 16:03:43.695 [info]: Exec flow hello.flow start by http. 
2024-07-04 16:03:43.848 [info]: flow { demo-flow } will be exec. 
2024-07-04 16:03:43.848 [debug]: [ Node Exec Start ] 
2024-07-04 16:03:43.848 [debug]: Node Input -> handler: simx.files.plain.reader, data: Data { data: {} }, args: {"node_index": "1", "path": "auth/private.key"} 
2024-07-04 16:03:43.848 [debug]: Expression { expression_str: "test{a1}", expression_type: STR, expression_result: {} } 
2024-07-04 16:03:43.848 [debug]: Expression { expression_str: "test{a1}", expression_type: STR, expression_result: {} } 
2024-07-04 16:03:43.849 [debug]: Node Output -> data: Data { data: {"text": "LrH@uWkD.XugFipbBrJGsvdvhVA.pRt7WWum4n6JhrHMVeoDajQytuLK_krf@3639dxd7pE_WHm6jj*rVXEcAxtJr3ZB4ayerypw@cH@AbV!ogoy@xahg2dqU6*QLQ@BUeRDo9sw!QiNMjqdkBvJ!cCuJbiw@tF-4oV9T-MVweoC-xKXt!Qn!fvbKeDfkdz_V84A9aoy"} } 
2024-07-04 16:03:43.849 [debug]: [ Node Exec End ] 
2024-07-04 16:03:43.849 [debug]: [ Node Exec Start ] 
2024-07-04 16:03:43.849 [debug]: Node Input -> handler: simx.os.shell.println, data: Data { data: {"text": "LrH@uWkD.XugFipbBrJGsvdvhVA.pRt7WWum4n6JhrHMVeoDajQytuLK_krf@3639dxd7pE_WHm6jj*rVXEcAxtJr3ZB4ayerypw@cH@AbV!ogoy@xahg2dqU6*QLQ@BUeRDo9sw!QiNMjqdkBvJ!cCuJbiw@tF-4oV9T-MVweoC-xKXt!Qn!fvbKeDfkdz_V84A9aoy"} }, args: {"text": "hello world", "node_index": "2"} 
2024-07-04 16:03:43.849 [debug]: Expression { expression_str: "test{a1}", expression_type: STR, expression_result: {} } 
2024-07-04 16:03:43.849 [debug]: Expression { expression_str: "test{a1}", expression_type: STR, expression_result: {} } 
2024-07-04 16:03:43.849 [debug]: Node Output -> data: Data { data: {"text": "LrH@uWkD.XugFipbBrJGsvdvhVA.pRt7WWum4n6JhrHMVeoDajQytuLK_krf@3639dxd7pE_WHm6jj*rVXEcAxtJr3ZB4ayerypw@cH@AbV!ogoy@xahg2dqU6*QLQ@BUeRDo9sw!QiNMjqdkBvJ!cCuJbiw@tF-4oV9T-MVweoC-xKXt!Qn!fvbKeDfkdz_V84A9aoy"} } 
2024-07-04 16:03:43.849 [debug]: [ Node Exec End ] 
2024-07-04 16:03:43.849 [debug]: [ Node Exec Start ] 
2024-07-04 16:03:43.849 [debug]: Node Input -> handler: simx.basic.debug.node, data: Data { data: {"text": "LrH@uWkD.XugFipbBrJGsvdvhVA.pRt7WWum4n6JhrHMVeoDajQytuLK_krf@3639dxd7pE_WHm6jj*rVXEcAxtJr3ZB4ayerypw@cH@AbV!ogoy@xahg2dqU6*QLQ@BUeRDo9sw!QiNMjqdkBvJ!cCuJbiw@tF-4oV9T-MVweoC-xKXt!Qn!fvbKeDfkdz_V84A9aoy"} }, args: {"node_index": "3"} 
2024-07-04 16:03:43.849 [debug]: Expression { expression_str: "test{a1}", expression_type: STR, expression_result: {} } 
2024-07-04 16:03:43.850 [debug]: Expression { expression_str: "test{a1}", expression_type: STR, expression_result: {} } 
2024-07-04 16:03:43.850 [debug]: Node: handler = "simx.basic.debug.node"

[attr]
node_index = "3"
 
2024-07-04 16:03:43.850 [debug]: Data: [data]
text = "LrH@uWkD.XugFipbBrJGsvdvhVA.pRt7WWum4n6JhrHMVeoDajQytuLK_krf@3639dxd7pE_WHm6jj*rVXEcAxtJr3ZB4ayerypw@cH@AbV!ogoy@xahg2dqU6*QLQ@BUeRDo9sw!QiNMjqdkBvJ!cCuJbiw@tF-4oV9T-MVweoC-xKXt!Qn!fvbKeDfkdz_V84A9aoy"
 
2024-07-04 16:03:43.850 [debug]: Node Output -> data: Data { data: {"text": "LrH@uWkD.XugFipbBrJGsvdvhVA.pRt7WWum4n6JhrHMVeoDajQytuLK_krf@3639dxd7pE_WHm6jj*rVXEcAxtJr3ZB4ayerypw@cH@AbV!ogoy@xahg2dqU6*QLQ@BUeRDo9sw!QiNMjqdkBvJ!cCuJbiw@tF-4oV9T-MVweoC-xKXt!Qn!fvbKeDfkdz_V84A9aoy"} } 
2024-07-04 16:03:43.850 [debug]: [ Node Exec End ] 
2024-07-04 16:03:43.850 [debug]: [ Node Exec Start ] 
2024-07-04 16:03:43.850 [debug]: Node Input -> handler: simx.net.http.request_get, data: Data { data: {"text": "LrH@uWkD.XugFipbBrJGsvdvhVA.pRt7WWum4n6JhrHMVeoDajQytuLK_krf@3639dxd7pE_WHm6jj*rVXEcAxtJr3ZB4ayerypw@cH@AbV!ogoy@xahg2dqU6*QLQ@BUeRDo9sw!QiNMjqdkBvJ!cCuJbiw@tF-4oV9T-MVweoC-xKXt!Qn!fvbKeDfkdz_V84A9aoy"} }, args: {"attr": "{\"aaa\":\"bbb\"}", "node_index": "4"} 
2024-07-04 16:03:43.850 [debug]: Expression { expression_str: "test{a1}", expression_type: STR, expression_result: {} } 
2024-07-04 16:03:43.850 [debug]: Expression { expression_str: "test{a1}", expression_type: STR, expression_result: {} } 
2024-07-04 16:03:43.850 [debug]: Node Output -> data: Data { data: {"text": "LrH@uWkD.XugFipbBrJGsvdvhVA.pRt7WWum4n6JhrHMVeoDajQytuLK_krf@3639dxd7pE_WHm6jj*rVXEcAxtJr3ZB4ayerypw@cH@AbV!ogoy@xahg2dqU6*QLQ@BUeRDo9sw!QiNMjqdkBvJ!cCuJbiw@tF-4oV9T-MVweoC-xKXt!Qn!fvbKeDfkdz_V84A9aoy"} } 
2024-07-04 16:03:43.850 [debug]: [ Node Exec End ] 
2024-07-04 16:03:43.850 [debug]: [ Node Exec Start ] 
2024-07-04 16:03:43.850 [debug]: Node Input -> handler: simx.files.json.writer, data: Data { data: {"text": "LrH@uWkD.XugFipbBrJGsvdvhVA.pRt7WWum4n6JhrHMVeoDajQytuLK_krf@3639dxd7pE_WHm6jj*rVXEcAxtJr3ZB4ayerypw@cH@AbV!ogoy@xahg2dqU6*QLQ@BUeRDo9sw!QiNMjqdkBvJ!cCuJbiw@tF-4oV9T-MVweoC-xKXt!Qn!fvbKeDfkdz_V84A9aoy"} }, args: {"node_index": "5", "path": "example/simx.txt", "type": "default"} 
2024-07-04 16:03:43.850 [debug]: Expression { expression_str: "test{a1}", expression_type: STR, expression_result: {} } 
2024-07-04 16:03:43.850 [debug]: Expression { expression_str: "test{a1}", expression_type: STR, expression_result: {} } 
2024-07-04 16:03:43.850 [debug]: Node Output -> data: Data { data: {"text": "LrH@uWkD.XugFipbBrJGsvdvhVA.pRt7WWum4n6JhrHMVeoDajQytuLK_krf@3639dxd7pE_WHm6jj*rVXEcAxtJr3ZB4ayerypw@cH@AbV!ogoy@xahg2dqU6*QLQ@BUeRDo9sw!QiNMjqdkBvJ!cCuJbiw@tF-4oV9T-MVweoC-xKXt!Qn!fvbKeDfkdz_V84A9aoy"} } 
2024-07-04 16:03:43.850 [debug]: [ Node Exec End ] 
2024-07-04 16:03:43.851 [info]: flow { demo-flow } has be exec success. 
2024-07-04 16:03:43.851 [info]: Exec flow hello.flow success. 
2024-07-04 16:04:42.340 [info]: Engine run out. 
2024-07-04 16:04:42.341 [info]: Simx System Shutdown. 
2024-07-04 16:04:45.527 [info]: Simx System Starting... 
2024-07-04 16:04:45.527 [info]: Engine Starting... 
2024-07-04 16:04:45.528 [info]: Check Workspace... 
2024-07-04 16:04:45.544 [info]: Check Workspace Done. 
2024-07-04 16:04:45.544 [info]: System Database checking... 
2024-07-04 16:04:45.557 [info]: System database checked successfully. 
2024-07-04 16:04:45.557 [info]: Skip init script running. 
2024-07-04 16:04:45.557 [info]: Default flow running... 
2024-07-04 16:04:45.661 [info]: flow { demo-flow } will be exec. 
2024-07-04 16:04:45.661 [debug]: [ Node Exec Start ] 
2024-07-04 16:04:45.661 [debug]: Node Input -> handler: simx.files.plain.reader, data: Data { data: {} }, args: {"node_index": "1", "path": "auth/private.key"} 
2024-07-04 16:04:45.661 [debug]: Expression { expression_str: "test{a1}", expression_type: STR, expression_result: {} } 
2024-07-04 16:04:45.661 [debug]: Expression { expression_str: "test{a1}", expression_type: STR, expression_result: {} } 
2024-07-04 16:04:45.661 [debug]: Node Output -> data: Data { data: {"text": "LrH@uWkD.XugFipbBrJGsvdvhVA.pRt7WWum4n6JhrHMVeoDajQytuLK_krf@3639dxd7pE_WHm6jj*rVXEcAxtJr3ZB4ayerypw@cH@AbV!ogoy@xahg2dqU6*QLQ@BUeRDo9sw!QiNMjqdkBvJ!cCuJbiw@tF-4oV9T-MVweoC-xKXt!Qn!fvbKeDfkdz_V84A9aoy"} } 
2024-07-04 16:04:45.661 [debug]: [ Node Exec End ] 
2024-07-04 16:04:45.661 [debug]: [ Node Exec Start ] 
2024-07-04 16:04:45.661 [debug]: Node Input -> handler: simx.os.shell.println, data: Data { data: {"text": "LrH@uWkD.XugFipbBrJGsvdvhVA.pRt7WWum4n6JhrHMVeoDajQytuLK_krf@3639dxd7pE_WHm6jj*rVXEcAxtJr3ZB4ayerypw@cH@AbV!ogoy@xahg2dqU6*QLQ@BUeRDo9sw!QiNMjqdkBvJ!cCuJbiw@tF-4oV9T-MVweoC-xKXt!Qn!fvbKeDfkdz_V84A9aoy"} }, args: {"node_index": "2", "text": "hello world"} 
2024-07-04 16:04:45.661 [debug]: Expression { expression_str: "test{a1}", expression_type: STR, expression_result: {} } 
2024-07-04 16:04:45.662 [debug]: Expression { expression_str: "test{a1}", expression_type: STR, expression_result: {} } 
2024-07-04 16:04:45.662 [debug]: Node Output -> data: Data { data: {"text": "LrH@uWkD.XugFipbBrJGsvdvhVA.pRt7WWum4n6JhrHMVeoDajQytuLK_krf@3639dxd7pE_WHm6jj*rVXEcAxtJr3ZB4ayerypw@cH@AbV!ogoy@xahg2dqU6*QLQ@BUeRDo9sw!QiNMjqdkBvJ!cCuJbiw@tF-4oV9T-MVweoC-xKXt!Qn!fvbKeDfkdz_V84A9aoy"} } 
2024-07-04 16:04:45.662 [debug]: [ Node Exec End ] 
2024-07-04 16:04:45.662 [debug]: [ Node Exec Start ] 
2024-07-04 16:04:45.662 [debug]: Node Input -> handler: simx.basic.debug.node, data: Data { data: {"text": "LrH@uWkD.XugFipbBrJGsvdvhVA.pRt7WWum4n6JhrHMVeoDajQytuLK_krf@3639dxd7pE_WHm6jj*rVXEcAxtJr3ZB4ayerypw@cH@AbV!ogoy@xahg2dqU6*QLQ@BUeRDo9sw!QiNMjqdkBvJ!cCuJbiw@tF-4oV9T-MVweoC-xKXt!Qn!fvbKeDfkdz_V84A9aoy"} }, args: {"node_index": "3"} 
2024-07-04 16:04:45.662 [debug]: Expression { expression_str: "test{a1}", expression_type: STR, expression_result: {} } 
2024-07-04 16:04:45.662 [debug]: Expression { expression_str: "test{a1}", expression_type: STR, expression_result: {} } 
2024-07-04 16:04:45.662 [debug]: Node: handler = "simx.basic.debug.node"

[attr]
node_index = "3"
 
2024-07-04 16:04:45.662 [debug]: Data: [data]
text = "LrH@uWkD.XugFipbBrJGsvdvhVA.pRt7WWum4n6JhrHMVeoDajQytuLK_krf@3639dxd7pE_WHm6jj*rVXEcAxtJr3ZB4ayerypw@cH@AbV!ogoy@xahg2dqU6*QLQ@BUeRDo9sw!QiNMjqdkBvJ!cCuJbiw@tF-4oV9T-MVweoC-xKXt!Qn!fvbKeDfkdz_V84A9aoy"
 
2024-07-04 16:04:45.662 [debug]: Node Output -> data: Data { data: {"text": "LrH@uWkD.XugFipbBrJGsvdvhVA.pRt7WWum4n6JhrHMVeoDajQytuLK_krf@3639dxd7pE_WHm6jj*rVXEcAxtJr3ZB4ayerypw@cH@AbV!ogoy@xahg2dqU6*QLQ@BUeRDo9sw!QiNMjqdkBvJ!cCuJbiw@tF-4oV9T-MVweoC-xKXt!Qn!fvbKeDfkdz_V84A9aoy"} } 
2024-07-04 16:04:45.662 [debug]: [ Node Exec End ] 
2024-07-04 16:04:45.662 [debug]: [ Node Exec Start ] 
2024-07-04 16:04:45.662 [debug]: Node Input -> handler: simx.net.http.request_get, data: Data { data: {"text": "LrH@uWkD.XugFipbBrJGsvdvhVA.pRt7WWum4n6JhrHMVeoDajQytuLK_krf@3639dxd7pE_WHm6jj*rVXEcAxtJr3ZB4ayerypw@cH@AbV!ogoy@xahg2dqU6*QLQ@BUeRDo9sw!QiNMjqdkBvJ!cCuJbiw@tF-4oV9T-MVweoC-xKXt!Qn!fvbKeDfkdz_V84A9aoy"} }, args: {"attr": "{\"aaa\":\"bbb\"}", "node_index": "4"} 
2024-07-04 16:04:45.662 [debug]: Expression { expression_str: "test{a1}", expression_type: STR, expression_result: {} } 
2024-07-04 16:04:45.662 [debug]: Expression { expression_str: "test{a1}", expression_type: STR, expression_result: {} } 
2024-07-04 16:04:45.662 [debug]: Node Output -> data: Data { data: {"text": "LrH@uWkD.XugFipbBrJGsvdvhVA.pRt7WWum4n6JhrHMVeoDajQytuLK_krf@3639dxd7pE_WHm6jj*rVXEcAxtJr3ZB4ayerypw@cH@AbV!ogoy@xahg2dqU6*QLQ@BUeRDo9sw!QiNMjqdkBvJ!cCuJbiw@tF-4oV9T-MVweoC-xKXt!Qn!fvbKeDfkdz_V84A9aoy"} } 
2024-07-04 16:04:45.662 [debug]: [ Node Exec End ] 
2024-07-04 16:04:45.662 [debug]: [ Node Exec Start ] 
2024-07-04 16:04:45.662 [debug]: Node Input -> handler: simx.files.json.writer, data: Data { data: {"text": "LrH@uWkD.XugFipbBrJGsvdvhVA.pRt7WWum4n6JhrHMVeoDajQytuLK_krf@3639dxd7pE_WHm6jj*rVXEcAxtJr3ZB4ayerypw@cH@AbV!ogoy@xahg2dqU6*QLQ@BUeRDo9sw!QiNMjqdkBvJ!cCuJbiw@tF-4oV9T-MVweoC-xKXt!Qn!fvbKeDfkdz_V84A9aoy"} }, args: {"type": "default", "node_index": "5", "path": "example/simx.txt"} 
2024-07-04 16:04:45.663 [debug]: Expression { expression_str: "test{a1}", expression_type: STR, expression_result: {} } 
2024-07-04 16:04:45.663 [debug]: Expression { expression_str: "test{a1}", expression_type: STR, expression_result: {} } 
2024-07-04 16:04:45.663 [debug]: Node Output -> data: Data { data: {"text": "LrH@uWkD.XugFipbBrJGsvdvhVA.pRt7WWum4n6JhrHMVeoDajQytuLK_krf@3639dxd7pE_WHm6jj*rVXEcAxtJr3ZB4ayerypw@cH@AbV!ogoy@xahg2dqU6*QLQ@BUeRDo9sw!QiNMjqdkBvJ!cCuJbiw@tF-4oV9T-MVweoC-xKXt!Qn!fvbKeDfkdz_V84A9aoy"} } 
2024-07-04 16:04:45.663 [debug]: [ Node Exec End ] 
2024-07-04 16:04:45.663 [info]: flow { demo-flow } has be exec success. 
2024-07-04 16:04:45.663 [info]: Run init flow done. 
2024-07-04 16:04:45.663 [info]: Engine has started. 
2024-07-04 16:04:45.663 [info]: Engine Net Services Starting... 
2024-07-04 16:05:10.479 [info]: Engine run out. 
2024-07-04 16:05:10.480 [info]: Simx System Shutdown. 
2024-07-04 16:05:13.413 [info]: Simx System Starting... 
2024-07-04 16:05:13.413 [info]: Engine Starting... 
2024-07-04 16:05:13.414 [info]: Check Workspace... 
2024-07-04 16:05:13.428 [info]: Check Workspace Done. 
2024-07-04 16:05:13.428 [info]: System Database checking... 
2024-07-04 16:05:13.441 [info]: System database checked successfully. 
2024-07-04 16:05:13.441 [info]: Skip init script running. 
2024-07-04 16:05:13.441 [info]: Default flow running... 
2024-07-04 16:05:13.539 [info]: flow { demo-flow } will be exec. 
2024-07-04 16:05:13.539 [debug]: [ Node Exec Start ] 
2024-07-04 16:05:13.539 [debug]: Node Input -> handler: simx.files.plain.reader, data: Data { data: {} }, args: {"path": "auth/private.key", "node_index": "1"} 
2024-07-04 16:05:13.539 [debug]: Expression { expression_str: "test{a1}", expression_type: STR, expression_result: {} } 
2024-07-04 16:05:13.539 [debug]: Expression { expression_str: "test{a1}", expression_type: STR, expression_result: {} } 
2024-07-04 16:05:13.539 [debug]: Node Output -> data: Data { data: {"text": "LrH@uWkD.XugFipbBrJGsvdvhVA.pRt7WWum4n6JhrHMVeoDajQytuLK_krf@3639dxd7pE_WHm6jj*rVXEcAxtJr3ZB4ayerypw@cH@AbV!ogoy@xahg2dqU6*QLQ@BUeRDo9sw!QiNMjqdkBvJ!cCuJbiw@tF-4oV9T-MVweoC-xKXt!Qn!fvbKeDfkdz_V84A9aoy"} } 
2024-07-04 16:05:13.539 [debug]: [ Node Exec End ] 
2024-07-04 16:05:13.539 [debug]: [ Node Exec Start ] 
2024-07-04 16:05:13.540 [debug]: Node Input -> handler: simx.os.shell.println, data: Data { data: {"text": "LrH@uWkD.XugFipbBrJGsvdvhVA.pRt7WWum4n6JhrHMVeoDajQytuLK_krf@3639dxd7pE_WHm6jj*rVXEcAxtJr3ZB4ayerypw@cH@AbV!ogoy@xahg2dqU6*QLQ@BUeRDo9sw!QiNMjqdkBvJ!cCuJbiw@tF-4oV9T-MVweoC-xKXt!Qn!fvbKeDfkdz_V84A9aoy"} }, args: {"text": "hello world", "node_index": "2"} 
2024-07-04 16:05:13.540 [debug]: Expression { expression_str: "test{a1}", expression_type: STR, expression_result: {} } 
2024-07-04 16:05:13.540 [debug]: Expression { expression_str: "test{a1}", expression_type: STR, expression_result: {} } 
2024-07-04 16:05:13.540 [debug]: Node Output -> data: Data { data: {"text": "LrH@uWkD.XugFipbBrJGsvdvhVA.pRt7WWum4n6JhrHMVeoDajQytuLK_krf@3639dxd7pE_WHm6jj*rVXEcAxtJr3ZB4ayerypw@cH@AbV!ogoy@xahg2dqU6*QLQ@BUeRDo9sw!QiNMjqdkBvJ!cCuJbiw@tF-4oV9T-MVweoC-xKXt!Qn!fvbKeDfkdz_V84A9aoy"} } 
2024-07-04 16:05:13.540 [debug]: [ Node Exec End ] 
2024-07-04 16:05:13.540 [debug]: [ Node Exec Start ] 
2024-07-04 16:05:13.540 [debug]: Node Input -> handler: simx.basic.debug.node, data: Data { data: {"text": "LrH@uWkD.XugFipbBrJGsvdvhVA.pRt7WWum4n6JhrHMVeoDajQytuLK_krf@3639dxd7pE_WHm6jj*rVXEcAxtJr3ZB4ayerypw@cH@AbV!ogoy@xahg2dqU6*QLQ@BUeRDo9sw!QiNMjqdkBvJ!cCuJbiw@tF-4oV9T-MVweoC-xKXt!Qn!fvbKeDfkdz_V84A9aoy"} }, args: {"node_index": "3"} 
2024-07-04 16:05:13.540 [debug]: Expression { expression_str: "test{a1}", expression_type: STR, expression_result: {} } 
2024-07-04 16:05:13.540 [debug]: Expression { expression_str: "test{a1}", expression_type: STR, expression_result: {} } 
2024-07-04 16:05:13.540 [debug]: Node: handler = "simx.basic.debug.node"

[attr]
node_index = "3"
 
2024-07-04 16:05:13.540 [debug]: Data: [data]
text = "LrH@uWkD.XugFipbBrJGsvdvhVA.pRt7WWum4n6JhrHMVeoDajQytuLK_krf@3639dxd7pE_WHm6jj*rVXEcAxtJr3ZB4ayerypw@cH@AbV!ogoy@xahg2dqU6*QLQ@BUeRDo9sw!QiNMjqdkBvJ!cCuJbiw@tF-4oV9T-MVweoC-xKXt!Qn!fvbKeDfkdz_V84A9aoy"
 
2024-07-04 16:05:13.540 [debug]: Node Output -> data: Data { data: {"text": "LrH@uWkD.XugFipbBrJGsvdvhVA.pRt7WWum4n6JhrHMVeoDajQytuLK_krf@3639dxd7pE_WHm6jj*rVXEcAxtJr3ZB4ayerypw@cH@AbV!ogoy@xahg2dqU6*QLQ@BUeRDo9sw!QiNMjqdkBvJ!cCuJbiw@tF-4oV9T-MVweoC-xKXt!Qn!fvbKeDfkdz_V84A9aoy"} } 
2024-07-04 16:05:13.540 [debug]: [ Node Exec End ] 
2024-07-04 16:05:13.540 [debug]: [ Node Exec Start ] 
2024-07-04 16:05:13.540 [debug]: Node Input -> handler: simx.net.http.request_get, data: Data { data: {"text": "LrH@uWkD.XugFipbBrJGsvdvhVA.pRt7WWum4n6JhrHMVeoDajQytuLK_krf@3639dxd7pE_WHm6jj*rVXEcAxtJr3ZB4ayerypw@cH@AbV!ogoy@xahg2dqU6*QLQ@BUeRDo9sw!QiNMjqdkBvJ!cCuJbiw@tF-4oV9T-MVweoC-xKXt!Qn!fvbKeDfkdz_V84A9aoy"} }, args: {"node_index": "4", "attr": "{\"aaa\":\"bbb\"}"} 
2024-07-04 16:05:13.540 [debug]: Expression { expression_str: "test{a1}", expression_type: STR, expression_result: {} } 
2024-07-04 16:05:13.540 [debug]: Expression { expression_str: "test{a1}", expression_type: STR, expression_result: {} } 
2024-07-04 16:05:13.540 [debug]: Node Output -> data: Data { data: {"text": "LrH@uWkD.XugFipbBrJGsvdvhVA.pRt7WWum4n6JhrHMVeoDajQytuLK_krf@3639dxd7pE_WHm6jj*rVXEcAxtJr3ZB4ayerypw@cH@AbV!ogoy@xahg2dqU6*QLQ@BUeRDo9sw!QiNMjqdkBvJ!cCuJbiw@tF-4oV9T-MVweoC-xKXt!Qn!fvbKeDfkdz_V84A9aoy"} } 
2024-07-04 16:05:13.540 [debug]: [ Node Exec End ] 
2024-07-04 16:05:13.541 [debug]: [ Node Exec Start ] 
2024-07-04 16:05:13.541 [debug]: Node Input -> handler: simx.files.json.writer, data: Data { data: {"text": "LrH@uWkD.XugFipbBrJGsvdvhVA.pRt7WWum4n6JhrHMVeoDajQytuLK_krf@3639dxd7pE_WHm6jj*rVXEcAxtJr3ZB4ayerypw@cH@AbV!ogoy@xahg2dqU6*QLQ@BUeRDo9sw!QiNMjqdkBvJ!cCuJbiw@tF-4oV9T-MVweoC-xKXt!Qn!fvbKeDfkdz_V84A9aoy"} }, args: {"path": "example/simx.txt", "type": "default", "node_index": "5"} 
2024-07-04 16:05:13.541 [debug]: Expression { expression_str: "test{a1}", expression_type: STR, expression_result: {} } 
2024-07-04 16:05:13.541 [debug]: Expression { expression_str: "test{a1}", expression_type: STR, expression_result: {} } 
2024-07-04 16:05:13.541 [debug]: Node Output -> data: Data { data: {"text": "LrH@uWkD.XugFipbBrJGsvdvhVA.pRt7WWum4n6JhrHMVeoDajQytuLK_krf@3639dxd7pE_WHm6jj*rVXEcAxtJr3ZB4ayerypw@cH@AbV!ogoy@xahg2dqU6*QLQ@BUeRDo9sw!QiNMjqdkBvJ!cCuJbiw@tF-4oV9T-MVweoC-xKXt!Qn!fvbKeDfkdz_V84A9aoy"} } 
2024-07-04 16:05:13.541 [debug]: [ Node Exec End ] 
2024-07-04 16:05:13.541 [info]: flow { demo-flow } has be exec success. 
2024-07-04 16:05:13.541 [info]: Run init flow done. 
2024-07-04 16:05:13.541 [info]: Engine has started. 
2024-07-04 16:05:13.541 [info]: Engine Net Services Starting... 
2024-07-04 16:05:46.932 [info]: Engine run out. 
2024-07-04 16:05:46.933 [info]: Simx System Shutdown. 
2024-07-04 16:05:50.288 [info]: Simx System Starting... 
2024-07-04 16:05:50.288 [info]: Engine Starting... 
2024-07-04 16:05:50.289 [info]: Check Workspace... 
2024-07-04 16:05:50.303 [info]: Check Workspace Done. 
2024-07-04 16:05:50.303 [info]: System Database checking... 
2024-07-04 16:05:50.317 [info]: System database checked successfully. 
2024-07-04 16:05:50.317 [info]: Skip init script running. 
2024-07-04 16:05:50.317 [info]: Default flow running... 
2024-07-04 16:05:50.417 [info]: flow { demo-flow } will be exec. 
2024-07-04 16:05:50.417 [debug]: [ Node Exec Start ] 
2024-07-04 16:05:50.417 [debug]: Node Input -> handler: simx.files.plain.reader, data: Data { data: {} }, args: {"node_index": "1", "path": "auth/private.key"} 
2024-07-04 16:05:50.418 [debug]: Expression { expression_str: "test{a1}", expression_type: STR, expression_result: {} } 
2024-07-04 16:05:50.418 [debug]: Expression { expression_str: "test{a1}", expression_type: STR, expression_result: {} } 
2024-07-04 16:05:50.418 [debug]: Node Output -> data: Data { data: {"text": "LrH@uWkD.XugFipbBrJGsvdvhVA.pRt7WWum4n6JhrHMVeoDajQytuLK_krf@3639dxd7pE_WHm6jj*rVXEcAxtJr3ZB4ayerypw@cH@AbV!ogoy@xahg2dqU6*QLQ@BUeRDo9sw!QiNMjqdkBvJ!cCuJbiw@tF-4oV9T-MVweoC-xKXt!Qn!fvbKeDfkdz_V84A9aoy"} } 
2024-07-04 16:05:50.418 [debug]: [ Node Exec End ] 
2024-07-04 16:05:50.418 [debug]: [ Node Exec Start ] 
2024-07-04 16:05:50.418 [debug]: Node Input -> handler: simx.os.shell.println, data: Data { data: {"text": "LrH@uWkD.XugFipbBrJGsvdvhVA.pRt7WWum4n6JhrHMVeoDajQytuLK_krf@3639dxd7pE_WHm6jj*rVXEcAxtJr3ZB4ayerypw@cH@AbV!ogoy@xahg2dqU6*QLQ@BUeRDo9sw!QiNMjqdkBvJ!cCuJbiw@tF-4oV9T-MVweoC-xKXt!Qn!fvbKeDfkdz_V84A9aoy"} }, args: {"text": "hello world", "node_index": "2"} 
2024-07-04 16:05:50.418 [debug]: Expression { expression_str: "test{a1}", expression_type: STR, expression_result: {} } 
2024-07-04 16:05:50.418 [debug]: Expression { expression_str: "test{a1}", expression_type: STR, expression_result: {} } 
2024-07-04 16:05:50.418 [debug]: Node Output -> data: Data { data: {"text": "LrH@uWkD.XugFipbBrJGsvdvhVA.pRt7WWum4n6JhrHMVeoDajQytuLK_krf@3639dxd7pE_WHm6jj*rVXEcAxtJr3ZB4ayerypw@cH@AbV!ogoy@xahg2dqU6*QLQ@BUeRDo9sw!QiNMjqdkBvJ!cCuJbiw@tF-4oV9T-MVweoC-xKXt!Qn!fvbKeDfkdz_V84A9aoy"} } 
2024-07-04 16:05:50.418 [debug]: [ Node Exec End ] 
2024-07-04 16:05:50.418 [debug]: [ Node Exec Start ] 
2024-07-04 16:05:50.418 [debug]: Node Input -> handler: simx.basic.debug.node, data: Data { data: {"text": "LrH@uWkD.XugFipbBrJGsvdvhVA.pRt7WWum4n6JhrHMVeoDajQytuLK_krf@3639dxd7pE_WHm6jj*rVXEcAxtJr3ZB4ayerypw@cH@AbV!ogoy@xahg2dqU6*QLQ@BUeRDo9sw!QiNMjqdkBvJ!cCuJbiw@tF-4oV9T-MVweoC-xKXt!Qn!fvbKeDfkdz_V84A9aoy"} }, args: {"node_index": "3"} 
2024-07-04 16:05:50.418 [debug]: Expression { expression_str: "test{a1}", expression_type: STR, expression_result: {} } 
2024-07-04 16:05:50.418 [debug]: Expression { expression_str: "test{a1}", expression_type: STR, expression_result: {} } 
2024-07-04 16:05:50.419 [debug]: Node: handler = "simx.basic.debug.node"

[attr]
node_index = "3"
 
2024-07-04 16:05:50.419 [debug]: Data: [data]
text = "LrH@uWkD.XugFipbBrJGsvdvhVA.pRt7WWum4n6JhrHMVeoDajQytuLK_krf@3639dxd7pE_WHm6jj*rVXEcAxtJr3ZB4ayerypw@cH@AbV!ogoy@xahg2dqU6*QLQ@BUeRDo9sw!QiNMjqdkBvJ!cCuJbiw@tF-4oV9T-MVweoC-xKXt!Qn!fvbKeDfkdz_V84A9aoy"
 
2024-07-04 16:05:50.419 [debug]: Node Output -> data: Data { data: {"text": "LrH@uWkD.XugFipbBrJGsvdvhVA.pRt7WWum4n6JhrHMVeoDajQytuLK_krf@3639dxd7pE_WHm6jj*rVXEcAxtJr3ZB4ayerypw@cH@AbV!ogoy@xahg2dqU6*QLQ@BUeRDo9sw!QiNMjqdkBvJ!cCuJbiw@tF-4oV9T-MVweoC-xKXt!Qn!fvbKeDfkdz_V84A9aoy"} } 
2024-07-04 16:05:50.419 [debug]: [ Node Exec End ] 
2024-07-04 16:05:50.419 [debug]: [ Node Exec Start ] 
2024-07-04 16:05:50.419 [debug]: Node Input -> handler: simx.net.http.request_get, data: Data { data: {"text": "LrH@uWkD.XugFipbBrJGsvdvhVA.pRt7WWum4n6JhrHMVeoDajQytuLK_krf@3639dxd7pE_WHm6jj*rVXEcAxtJr3ZB4ayerypw@cH@AbV!ogoy@xahg2dqU6*QLQ@BUeRDo9sw!QiNMjqdkBvJ!cCuJbiw@tF-4oV9T-MVweoC-xKXt!Qn!fvbKeDfkdz_V84A9aoy"} }, args: {"attr": "{\"aaa\":\"bbb\"}", "node_index": "4"} 
2024-07-04 16:05:50.419 [debug]: Expression { expression_str: "test{a1}", expression_type: STR, expression_result: {} } 
2024-07-04 16:05:50.419 [debug]: Expression { expression_str: "test{a1}", expression_type: STR, expression_result: {} } 
2024-07-04 16:05:50.419 [debug]: Node Output -> data: Data { data: {"text": "LrH@uWkD.XugFipbBrJGsvdvhVA.pRt7WWum4n6JhrHMVeoDajQytuLK_krf@3639dxd7pE_WHm6jj*rVXEcAxtJr3ZB4ayerypw@cH@AbV!ogoy@xahg2dqU6*QLQ@BUeRDo9sw!QiNMjqdkBvJ!cCuJbiw@tF-4oV9T-MVweoC-xKXt!Qn!fvbKeDfkdz_V84A9aoy"} } 
2024-07-04 16:05:50.419 [debug]: [ Node Exec End ] 
2024-07-04 16:05:50.419 [debug]: [ Node Exec Start ] 
2024-07-04 16:05:50.419 [debug]: Node Input -> handler: simx.files.json.writer, data: Data { data: {"text": "LrH@uWkD.XugFipbBrJGsvdvhVA.pRt7WWum4n6JhrHMVeoDajQytuLK_krf@3639dxd7pE_WHm6jj*rVXEcAxtJr3ZB4ayerypw@cH@AbV!ogoy@xahg2dqU6*QLQ@BUeRDo9sw!QiNMjqdkBvJ!cCuJbiw@tF-4oV9T-MVweoC-xKXt!Qn!fvbKeDfkdz_V84A9aoy"} }, args: {"path": "example/simx.txt", "node_index": "5", "type": "default"} 
2024-07-04 16:05:50.419 [debug]: Expression { expression_str: "test{a1}", expression_type: STR, expression_result: {} } 
2024-07-04 16:05:50.419 [debug]: Expression { expression_str: "test{a1}", expression_type: STR, expression_result: {} } 
2024-07-04 16:05:50.419 [debug]: Node Output -> data: Data { data: {"text": "LrH@uWkD.XugFipbBrJGsvdvhVA.pRt7WWum4n6JhrHMVeoDajQytuLK_krf@3639dxd7pE_WHm6jj*rVXEcAxtJr3ZB4ayerypw@cH@AbV!ogoy@xahg2dqU6*QLQ@BUeRDo9sw!QiNMjqdkBvJ!cCuJbiw@tF-4oV9T-MVweoC-xKXt!Qn!fvbKeDfkdz_V84A9aoy"} } 
2024-07-04 16:05:50.419 [debug]: [ Node Exec End ] 
2024-07-04 16:05:50.419 [info]: flow { demo-flow } has be exec success. 
2024-07-04 16:05:50.419 [info]: Run init flow done. 
2024-07-04 16:05:50.419 [info]: Engine has started. 
2024-07-04 16:05:50.420 [info]: Engine Net Services Starting... 
